[debug] [2020-04-20T19:50:18.133Z] ----------------------------------------------------------------------
[debug] [2020-04-20T19:50:18.136Z] Command:       C:\Program Files\nodejs\node.exe C:\Users\Ruben\AppData\Roaming\npm\node_modules\firebase-tools\lib\bin\firebase.js init
[debug] [2020-04-20T19:50:18.136Z] CLI Version:   7.14.0
[debug] [2020-04-20T19:50:18.136Z] Platform:      win32
[debug] [2020-04-20T19:50:18.136Z] Node Version:  v12.13.1
[debug] [2020-04-20T19:50:18.138Z] Time:          Mon Apr 20 2020 21:50:18 GMT+0200 (GMT+02:00)
[debug] [2020-04-20T19:50:18.138Z] ----------------------------------------------------------------------
[debug] [2020-04-20T19:50:18.138Z] 
[debug] [2020-04-20T19:50:18.145Z] > command requires scopes: ["email","openid","https://www.googleapis.com/auth/cloudplatformprojects.readonly","https://www.googleapis.com/auth/firebase","https://www.googleapis.com/auth/cloud-platform"]
[debug] [2020-04-20T19:50:18.146Z] > authorizing via signed-in user
[info] 
     ######## #### ########  ######## ########     ###     ######  ########
     ##        ##  ##     ## ##       ##     ##  ##   ##  ##       ##
     ######    ##  ########  ######   ########  #########  ######  ######
     ##        ##  ##    ##  ##       ##     ## ##     ##       ## ##
     ##       #### ##     ## ######## ########  ##     ##  ######  ########

You're about to initialize a Firebase project in this directory:

  C:\Utveckling\portfolio-react

Before we get started, keep in mind:

  * You are currently outside your home directory

[info] 
=== Project Setup
[info] 
[info] First, let's associate this project directory with a Firebase project.
[info] You can create multiple project aliases by running firebase use --add, 
[info] but for now we'll just set up a default project.
[info] 
[debug] [2020-04-20T19:50:24.206Z] >>> HTTP REQUEST GET https://firebase.googleapis.com/v1beta1/projects?pageSize=100  
 
[debug] [2020-04-20T19:50:24.597Z] <<< HTTP RESPONSE 200
